<?xml version="1.0" encoding="UTF-8" standalone="yes"?><!DOCTYPE report PUBLIC "-//JACOCO//DTD Report 1.1//EN" "report.dtd"><report name="jacoco"><sessioninfo id="ManmeetKaur-65797c1c" start="1582743159499" dump="1582743160108"/><package name="com/maven/practice/jacoco"><class name="com/maven/practice/jacoco/App" sourcefilename="App.java"><method name="&lt;init&gt;" desc="()V" line="3"><counter type="INSTRUCTION" missed="0" covered="3"/><counter type="LINE" missed="0" covered="1"/><counter type="COMPLEXITY" missed="0" covered="1"/><counter type="METHOD" missed="0" covered="1"/></method><method name="countVowels" desc="(Ljava/lang/String;)I" line="5"><counter type="INSTRUCTION" missed="0" covered="65"/><counter type="BRANCH" missed="3" covered="19"/><counter type="LINE" missed="0" covered="9"/><counter type="COMPLEXITY" missed="3" covered="9"/><counter type="METHOD" missed="0" covered="1"/></method><counter type="INSTRUCTION" missed="0" covered="68"/><counter type="BRANCH" missed="3" covered="19"/><counter type="LINE" missed="0" covered="10"/><counter type="COMPLEXITY" missed="3" covered="10"/><counter type="METHOD" missed="0" covered="2"/><counter type="CLASS" missed="0" covered="1"/></class><sourcefile name="App.java"><line nr="3" mi="0" ci="3" mb="0" cb="0"/><line nr="5" mi="0" ci="2" mb="0" cb="2"/><line nr="6" mi="0" ci="5" mb="0" cb="0"/><line nr="8" mi="0" ci="2" mb="0" cb="0"/><line nr="9" mi="0" ci="8" mb="0" cb="2"/><line nr="10" mi="0" ci="17" mb="0" cb="6"/><line nr="11" mi="0" ci="15" mb="0" cb="6"/><line nr="12" mi="0" ci="13" mb="3" cb="3"/><line nr="13" mi="0" ci="1" mb="0" cb="0"/><line nr="16" mi="0" ci="2" mb="0" cb="0"/><counter type="INSTRUCTION" missed="0" covered="68"/><counter type="BRANCH" missed="3" covered="19"/><counter type="LINE" missed="0" covered="10"/><counter type="COMPLEXITY" missed="3" covered="10"/><counter type="METHOD" missed="0" covered="2"/><counter type="CLASS" missed="0" covered="1"/></sourcefile><counter type="INSTRUCTION" missed="0" covered="68"/><counter type="BRANCH" missed="3" covered="19"/><counter type="LINE" missed="0" covered="10"/><counter type="COMPLEXITY" missed="3" covered="10"/><counter type="METHOD" missed="0" covered="2"/><counter type="CLASS" missed="0" covered="1"/></package><counter type="INSTRUCTION" missed="0" covered="68"/><counter type="BRANCH" missed="3" covered="19"/><counter type="LINE" missed="0" covered="10"/><counter type="COMPLEXITY" missed="3" covered="10"/><counter type="METHOD" missed="0" covered="2"/><counter type="CLASS" missed="0" covered="1"/></report>